[0.006s] Invoking command in '/home/asphodel/NSU/Labs/nsu-robotics-labs/lab2/ex10/build/ex10': CMAKE_PREFIX_PATH=/opt/ros/humble /usr/bin/cmake --build /home/asphodel/NSU/Labs/nsu-robotics-labs/lab2/ex10/build/ex10 -- -j16 -l16
[0.020s] -- Found ament_cmake: 1.3.5 (/opt/ros/humble/share/ament_cmake/cmake)
[0.099s] -- Found rclcpp: 16.0.5 (/opt/ros/humble/share/rclcpp/cmake)
[0.122s] -- Found rosidl_generator_c: 3.1.5 (/opt/ros/humble/share/rosidl_generator_c/cmake)
[0.125s] -- Found rosidl_adapter: 3.1.5 (/opt/ros/humble/share/rosidl_adapter/cmake)
[0.129s] -- Found rosidl_generator_cpp: 3.1.5 (/opt/ros/humble/share/rosidl_generator_cpp/cmake)
[0.136s] -- Using all available rosidl_typesupport_c: rosidl_typesupport_fastrtps_c;rosidl_typesupport_introspection_c
[0.146s] -- Using all available rosidl_typesupport_cpp: rosidl_typesupport_fastrtps_cpp;rosidl_typesupport_introspection_cpp
[0.187s] -- Found rmw_implementation_cmake: 6.1.1 (/opt/ros/humble/share/rmw_implementation_cmake/cmake)
[0.189s] -- Found rmw_fastrtps_cpp: 6.2.3 (/opt/ros/humble/share/rmw_fastrtps_cpp/cmake)
[0.244s] -- Found OpenSSL: /usr/lib/x86_64-linux-gnu/libcrypto.so (found version "3.0.2")  
[0.259s] -- Found FastRTPS: /opt/ros/humble/include  
[0.283s] -- Using RMW implementation 'rmw_fastrtps_cpp' as default
[0.289s] -- Looking for pthread.h
[0.329s] -- Looking for pthread.h - found
[0.329s] -- Performing Test CMAKE_HAVE_LIBC_PTHREAD
[0.370s] -- Performing Test CMAKE_HAVE_LIBC_PTHREAD - Success
[0.371s] -- Found Threads: TRUE  
[0.498s] -- Configuring done
[0.502s] -- Generating done
[0.503s] -- Build files have been written to: /home/asphodel/NSU/Labs/nsu-robotics-labs/lab2/ex10/build/ex10
[0.523s] [ 50%] [32mBuilding CXX object CMakeFiles/ex10.dir/src/publisher.cpp.o[0m
[0.645s] [01m[K/home/asphodel/NSU/Labs/nsu-robotics-labs/lab2/ex10/src/ex10/src/publisher.cpp:2:10:[m[K [01;31m[Kfatal error: [m[Kgeometry_msgs/msg/twist.hpp: –ù–µ—Ç —Ç–∞–∫–æ–≥–æ —Ñ–∞–π–ª–∞ –∏–ª–∏ –∫–∞—Ç–∞–ª–æ–≥–∞
[0.645s]     2 | #include [01;31m[K"geometry_msgs/msg/twist.hpp"[m[K
[0.645s]       |          [01;31m[K^~~~~~~~~~~~~~~~~~~~~~~~~~~~~[m[K
[0.645s] compilation terminated.
[0.647s] gmake[2]: *** [CMakeFiles/ex10.dir/build.make:76: CMakeFiles/ex10.dir/src/publisher.cpp.o] –û—à–∏–±–∫–∞ 1
[0.647s] gmake[1]: *** [CMakeFiles/Makefile2:137: CMakeFiles/ex10.dir/all] –û—à–∏–±–∫–∞ 2
[0.647s] gmake: *** [Makefile:146: all] –û—à–∏–±–∫–∞ 2
[0.649s] Invoked command in '/home/asphodel/NSU/Labs/nsu-robotics-labs/lab2/ex10/build/ex10' returned '2': CMAKE_PREFIX_PATH=/opt/ros/humble /usr/bin/cmake --build /home/asphodel/NSU/Labs/nsu-robotics-labs/lab2/ex10/build/ex10 -- -j16 -l16
