[0.007s] Invoking command in '/home/asphodel/NSU/Labs/nsu-robotics-labs/lab2/ex10/build/ex10': CMAKE_PREFIX_PATH=/opt/ros/humble /usr/bin/cmake --build /home/asphodel/NSU/Labs/nsu-robotics-labs/lab2/ex10/build/ex10 -- -j16 -l16
[0.021s] -- Found ament_cmake: 1.3.5 (/opt/ros/humble/share/ament_cmake/cmake)
[0.099s] -- Found rclcpp: 16.0.5 (/opt/ros/humble/share/rclcpp/cmake)
[0.115s] -- Found rosidl_generator_c: 3.1.5 (/opt/ros/humble/share/rosidl_generator_c/cmake)
[0.116s] -- Found rosidl_adapter: 3.1.5 (/opt/ros/humble/share/rosidl_adapter/cmake)
[0.120s] -- Found rosidl_generator_cpp: 3.1.5 (/opt/ros/humble/share/rosidl_generator_cpp/cmake)
[0.126s] -- Using all available rosidl_typesupport_c: rosidl_typesupport_fastrtps_c;rosidl_typesupport_introspection_c
[0.134s] -- Using all available rosidl_typesupport_cpp: rosidl_typesupport_fastrtps_cpp;rosidl_typesupport_introspection_cpp
[0.166s] -- Found rmw_implementation_cmake: 6.1.1 (/opt/ros/humble/share/rmw_implementation_cmake/cmake)
[0.167s] -- Found rmw_fastrtps_cpp: 6.2.3 (/opt/ros/humble/share/rmw_fastrtps_cpp/cmake)
[0.229s] -- Using RMW implementation 'rmw_fastrtps_cpp' as default
[0.352s] -- Configuring done
[0.356s] -- Generating done
[0.357s] -- Build files have been written to: /home/asphodel/NSU/Labs/nsu-robotics-labs/lab2/ex10/build/ex10
[0.377s] [ 50%] [32mBuilding CXX object CMakeFiles/ex10.dir/src/publisher.cpp.o[0m
[0.474s] [01m[K/home/asphodel/NSU/Labs/nsu-robotics-labs/lab2/ex10/src/ex10/src/publisher.cpp:2:10:[m[K [01;31m[Kfatal error: [m[Kgeometry_msgs/msg/twist.hpp: –ù–µ—Ç —Ç–∞–∫–æ–≥–æ —Ñ–∞–π–ª–∞ –∏–ª–∏ –∫–∞—Ç–∞–ª–æ–≥–∞
[0.474s]     2 | #include [01;31m[K"geometry_msgs/msg/twist.hpp"[m[K
[0.474s]       |          [01;31m[K^~~~~~~~~~~~~~~~~~~~~~~~~~~~~[m[K
[0.474s] compilation terminated.
[0.484s] gmake[2]: *** [CMakeFiles/ex10.dir/build.make:76: CMakeFiles/ex10.dir/src/publisher.cpp.o] –û—à–∏–±–∫–∞ 1
[0.485s] gmake[1]: *** [CMakeFiles/Makefile2:137: CMakeFiles/ex10.dir/all] –û—à–∏–±–∫–∞ 2
[0.485s] gmake: *** [Makefile:146: all] –û—à–∏–±–∫–∞ 2
[0.487s] Invoked command in '/home/asphodel/NSU/Labs/nsu-robotics-labs/lab2/ex10/build/ex10' returned '2': CMAKE_PREFIX_PATH=/opt/ros/humble /usr/bin/cmake --build /home/asphodel/NSU/Labs/nsu-robotics-labs/lab2/ex10/build/ex10 -- -j16 -l16
